==29996== Memcheck, a memory error detector
==29996== Copyright (C) 2002-2017, and GNU GPL'd, by Julian Seward et al.
==29996== Using Valgrind-3.16.1 and LibVEX; rerun with -h for copyright info
==29996== Command: /global/software/sl-7.x86_64/modules/tools/matlab/r2017b/bin/glnxa64/MATLAB -r A\ =\ randn(10,10);\ mylu\ =\ lusol_obj(A,'pivot',\ 'TCP',\ 'rank',\ 5);\ mylu.swapRows(3,8);\ clear -nojvm
==29996== Parent PID: 12181
==29996== 
==29996== Conditional jump or move depends on uninitialised value(s)
==29996==    at 0x200B37DF: __intel_sse2_strrchr (in /global/software/sl-7.x86_64/modules/tools/matlab/r2017b/sys/os/glnxa64/libiomp5.so)
==29996==    by 0x20089B7C: __kmp::init_dl_data() (in /global/software/sl-7.x86_64/modules/tools/matlab/r2017b/sys/os/glnxa64/libiomp5.so)
==29996==    by 0x20089AC6: __sti__$E (in /global/software/sl-7.x86_64/modules/tools/matlab/r2017b/sys/os/glnxa64/libiomp5.so)
==29996==    by 0x200BC7F5: ??? (in /global/software/sl-7.x86_64/modules/tools/matlab/r2017b/sys/os/glnxa64/libiomp5.so)
==29996==    by 0x200061AA: ??? (in /global/software/sl-7.x86_64/modules/tools/matlab/r2017b/sys/os/glnxa64/libiomp5.so)
==29996==    by 0x1FFEFFFC3A: ???
==29996==    by 0x6572617774666F72: ???
==29996==    by 0x38782E372D6C732E: ???
==29996==    by 0x646F6D2F34365F35: ???
==29996==    by 0x6F6F742F73656C74: ???
==29996==    by 0x616C74616D2F736B: ???
==29996==    by 0x6237313032722F61: ???
==29996== 
==29996== Thread 2:
==29996== Conditional jump or move depends on uninitialised value(s)
==29996==    at 0x5385A23: mvm::detail::DefaultMVM::DefaultMVM(boost::shared_ptr<mvm::detail::DefaultSession> const&, mvm::Factory::ID const&, mvm::MVMOptions const&, boost::shared_ptr<std::basic_streambuf<char16_t, std::char_traits<char16_t> > > const&, boost::shared_ptr<std::basic_streambuf<char16_t, std::char_traits<char16_t> > > const&) (in /global/software/sl-7.x86_64/modules/tools/matlab/r2017b/bin/glnxa64/libmwmvm.so)
==29996==    by 0x13720067: mvm_server::inproc::LocalMVM::LocalMVM(boost::shared_ptr<mvm::detail::DefaultSession> const&, mvm::Factory::ID const&, mvm::MVMOptions const&, bool) (in /global/software/sl-7.x86_64/modules/tools/matlab/r2017b/bin/glnxa64/libmwMVMLocal.so)
==29996==    by 0x13721226: mvm_server::inproc::LocalMVM::create(boost::shared_ptr<mvm::detail::DefaultSession> const&, boost::shared_ptr<mvm_server::inproc::LocalFactory> const&, mvm::SessionOptions const&, mvm::MVMOptions const&) (in /global/software/sl-7.x86_64/modules/tools/matlab/r2017b/bin/glnxa64/libmwMVMLocal.so)
==29996==    by 0x13732EB6: mvm_server::inproc::LocalFactory::createMVM(mvm::MVMOptions const&) (in /global/software/sl-7.x86_64/modules/tools/matlab/r2017b/bin/glnxa64/libmwMVMLocal.so)
==29996==    by 0x13736D38: ??? (in /global/software/sl-7.x86_64/modules/tools/matlab/r2017b/bin/glnxa64/libmwMVMLocal.so)
==29996==    by 0x53E16FC: ??? (in /global/software/sl-7.x86_64/modules/tools/matlab/r2017b/bin/glnxa64/libmwmvm.so)
==29996==    by 0x1373D734: boost::detail::function::function_obj_invoker0<boost::_bi::bind_t<boost::_bi::unspecified, boost::function1<int, std::vector<std::basic_string<char16_t, std::char_traits<char16_t>, std::allocator<char16_t> >, std::allocator<std::basic_string<char16_t, std::char_traits<char16_t>, std::allocator<char16_t> > > > const&>, boost::_bi::list1<boost::_bi::value<std::vector<std::basic_string<char16_t, std::char_traits<char16_t>, std::allocator<char16_t> >, std::allocator<std::basic_string<char16_t, std::char_traits<char16_t>, std::allocator<char16_t> > > > > > >, int>::invoke(boost::detail::function::function_buffer&) (in /global/software/sl-7.x86_64/modules/tools/matlab/r2017b/bin/glnxa64/libmwMVMLocal.so)
==29996==    by 0x143B2238: ??? (in /global/software/sl-7.x86_64/modules/tools/matlab/r2017b/bin/glnxa64/libmwmcr.so)
==29996==    by 0x143B37B4: boost::detail::thread_data<boost::function<void ()> const>::run() (in /global/software/sl-7.x86_64/modules/tools/matlab/r2017b/bin/glnxa64/libmwmcr.so)
==29996==    by 0x784FF64: ??? (in /global/software/sl-7.x86_64/modules/tools/matlab/r2017b/bin/glnxa64/libboost_thread.so.1.56.0)
==29996==    by 0x6C3FEA4: start_thread (in /usr/lib64/libpthread-2.17.so)
==29996==    by 0x6F5296C: clone (in /usr/lib64/libc-2.17.so)
==29996== 
==29996== Conditional jump or move depends on uninitialised value(s)
==29996==    at 0x5385A61: mvm::detail::DefaultMVM::DefaultMVM(boost::shared_ptr<mvm::detail::DefaultSession> const&, mvm::Factory::ID const&, mvm::MVMOptions const&, boost::shared_ptr<std::basic_streambuf<char16_t, std::char_traits<char16_t> > > const&, boost::shared_ptr<std::basic_streambuf<char16_t, std::char_traits<char16_t> > > const&) (in /global/software/sl-7.x86_64/modules/tools/matlab/r2017b/bin/glnxa64/libmwmvm.so)
==29996==    by 0x13720067: mvm_server::inproc::LocalMVM::LocalMVM(boost::shared_ptr<mvm::detail::DefaultSession> const&, mvm::Factory::ID const&, mvm::MVMOptions const&, bool) (in /global/software/sl-7.x86_64/modules/tools/matlab/r2017b/bin/glnxa64/libmwMVMLocal.so)
==29996==    by 0x13721226: mvm_server::inproc::LocalMVM::create(boost::shared_ptr<mvm::detail::DefaultSession> const&, boost::shared_ptr<mvm_server::inproc::LocalFactory> const&, mvm::SessionOptions const&, mvm::MVMOptions const&) (in /global/software/sl-7.x86_64/modules/tools/matlab/r2017b/bin/glnxa64/libmwMVMLocal.so)
==29996==    by 0x13732EB6: mvm_server::inproc::LocalFactory::createMVM(mvm::MVMOptions const&) (in /global/software/sl-7.x86_64/modules/tools/matlab/r2017b/bin/glnxa64/libmwMVMLocal.so)
==29996==    by 0x13736D38: ??? (in /global/software/sl-7.x86_64/modules/tools/matlab/r2017b/bin/glnxa64/libmwMVMLocal.so)
==29996==    by 0x53E16FC: ??? (in /global/software/sl-7.x86_64/modules/tools/matlab/r2017b/bin/glnxa64/libmwmvm.so)
==29996==    by 0x1373D734: boost::detail::function::function_obj_invoker0<boost::_bi::bind_t<boost::_bi::unspecified, boost::function1<int, std::vector<std::basic_string<char16_t, std::char_traits<char16_t>, std::allocator<char16_t> >, std::allocator<std::basic_string<char16_t, std::char_traits<char16_t>, std::allocator<char16_t> > > > const&>, boost::_bi::list1<boost::_bi::value<std::vector<std::basic_string<char16_t, std::char_traits<char16_t>, std::allocator<char16_t> >, std::allocator<std::basic_string<char16_t, std::char_traits<char16_t>, std::allocator<char16_t> > > > > > >, int>::invoke(boost::detail::function::function_buffer&) (in /global/software/sl-7.x86_64/modules/tools/matlab/r2017b/bin/glnxa64/libmwMVMLocal.so)
==29996==    by 0x143B2238: ??? (in /global/software/sl-7.x86_64/modules/tools/matlab/r2017b/bin/glnxa64/libmwmcr.so)
==29996==    by 0x143B37B4: boost::detail::thread_data<boost::function<void ()> const>::run() (in /global/software/sl-7.x86_64/modules/tools/matlab/r2017b/bin/glnxa64/libmwmcr.so)
==29996==    by 0x784FF64: ??? (in /global/software/sl-7.x86_64/modules/tools/matlab/r2017b/bin/glnxa64/libboost_thread.so.1.56.0)
==29996==    by 0x6C3FEA4: start_thread (in /usr/lib64/libpthread-2.17.so)
==29996==    by 0x6F5296C: clone (in /usr/lib64/libc-2.17.so)
==29996== 
==29996== Use of uninitialised value of size 8
==29996==    at 0x53910B2: ??? (in /global/software/sl-7.x86_64/modules/tools/matlab/r2017b/bin/glnxa64/libmwmvm.so)
==29996==    by 0x539123A: ??? (in /global/software/sl-7.x86_64/modules/tools/matlab/r2017b/bin/glnxa64/libmwmvm.so)
==29996==    by 0x53856D4: mvm::detail::DefaultMVM::protectedInit(mlutil::contextmgr::McrID const&, mlutil::contextmgr::MvmID const&, boost::shared_ptr<mvm::detail::DefaultMVM> const&, boost::shared_ptr<cmddistributor::CmdDistributor> const&, boost::shared_ptr<foundation::msg_svc::eventmgr::EventMgr> const&) (in /global/software/sl-7.x86_64/modules/tools/matlab/r2017b/bin/glnxa64/libmwmvm.so)
==29996==    by 0x1372024B: mvm_server::inproc::LocalMVM::privateBind(boost::shared_ptr<mvm_server::inproc::LocalMVM> const&, boost::shared_ptr<mvm_server::inproc::LocalFactory> const&, mcrInstance const*) (in /global/software/sl-7.x86_64/modules/tools/matlab/r2017b/bin/glnxa64/libmwMVMLocal.so)
==29996==    by 0x137212A8: mvm_server::inproc::LocalMVM::create(boost::shared_ptr<mvm::detail::DefaultSession> const&, boost::shared_ptr<mvm_server::inproc::LocalFactory> const&, mvm::SessionOptions const&, mvm::MVMOptions const&) (in /global/software/sl-7.x86_64/modules/tools/matlab/r2017b/bin/glnxa64/libmwMVMLocal.so)
==29996==    by 0x13732EB6: mvm_server::inproc::LocalFactory::createMVM(mvm::MVMOptions const&) (in /global/software/sl-7.x86_64/modules/tools/matlab/r2017b/bin/glnxa64/libmwMVMLocal.so)
==29996==    by 0x13736D38: ??? (in /global/software/sl-7.x86_64/modules/tools/matlab/r2017b/bin/glnxa64/libmwMVMLocal.so)
==29996==    by 0x53E16FC: ??? (in /global/software/sl-7.x86_64/modules/tools/matlab/r2017b/bin/glnxa64/libmwmvm.so)
==29996==    by 0x1373D734: boost::detail::function::function_obj_invoker0<boost::_bi::bind_t<boost::_bi::unspecified, boost::function1<int, std::vector<std::basic_string<char16_t, std::char_traits<char16_t>, std::allocator<char16_t> >, std::allocator<std::basic_string<char16_t, std::char_traits<char16_t>, std::allocator<char16_t> > > > const&>, boost::_bi::list1<boost::_bi::value<std::vector<std::basic_string<char16_t, std::char_traits<char16_t>, std::allocator<char16_t> >, std::allocator<std::basic_string<char16_t, std::char_traits<char16_t>, std::allocator<char16_t> > > > > > >, int>::invoke(boost::detail::function::function_buffer&) (in /global/software/sl-7.x86_64/modules/tools/matlab/r2017b/bin/glnxa64/libmwMVMLocal.so)
==29996==    by 0x143B2238: ??? (in /global/software/sl-7.x86_64/modules/tools/matlab/r2017b/bin/glnxa64/libmwmcr.so)
==29996==    by 0x143B37B4: boost::detail::thread_data<boost::function<void ()> const>::run() (in /global/software/sl-7.x86_64/modules/tools/matlab/r2017b/bin/glnxa64/libmwmcr.so)
==29996==    by 0x784FF64: ??? (in /global/software/sl-7.x86_64/modules/tools/matlab/r2017b/bin/glnxa64/libboost_thread.so.1.56.0)
==29996== 
==29996== Use of uninitialised value of size 8
==29996==    at 0xAC0BD7C: tbb::spin_rw_mutex_v3::internal_acquire_reader() (spin_rw_mutex.cpp:71)
==29996==    by 0x53910D0: ??? (in /global/software/sl-7.x86_64/modules/tools/matlab/r2017b/bin/glnxa64/libmwmvm.so)
==29996==    by 0x539123A: ??? (in /global/software/sl-7.x86_64/modules/tools/matlab/r2017b/bin/glnxa64/libmwmvm.so)
==29996==    by 0x53856D4: mvm::detail::DefaultMVM::protectedInit(mlutil::contextmgr::McrID const&, mlutil::contextmgr::MvmID const&, boost::shared_ptr<mvm::detail::DefaultMVM> const&, boost::shared_ptr<cmddistributor::CmdDistributor> const&, boost::shared_ptr<foundation::msg_svc::eventmgr::EventMgr> const&) (in /global/software/sl-7.x86_64/modules/tools/matlab/r2017b/bin/glnxa64/libmwmvm.so)
==29996==    by 0x1372024B: mvm_server::inproc::LocalMVM::privateBind(boost::shared_ptr<mvm_server::inproc::LocalMVM> const&, boost::shared_ptr<mvm_server::inproc::LocalFactory> const&, mcrInstance const*) (in /global/software/sl-7.x86_64/modules/tools/matlab/r2017b/bin/glnxa64/libmwMVMLocal.so)
==29996==    by 0x137212A8: mvm_server::inproc::LocalMVM::create(boost::shared_ptr<mvm::detail::DefaultSession> const&, boost::shared_ptr<mvm_server::inproc::LocalFactory> const&, mvm::SessionOptions const&, mvm::MVMOptions const&) (in /global/software/sl-7.x86_64/modules/tools/matlab/r2017b/bin/glnxa64/libmwMVMLocal.so)
==29996==    by 0x13732EB6: mvm_server::inproc::LocalFactory::createMVM(mvm::MVMOptions const&) (in /global/software/sl-7.x86_64/modules/tools/matlab/r2017b/bin/glnxa64/libmwMVMLocal.so)
==29996==    by 0x13736D38: ??? (in /global/software/sl-7.x86_64/modules/tools/matlab/r2017b/bin/glnxa64/libmwMVMLocal.so)
==29996==    by 0x53E16FC: ??? (in /global/software/sl-7.x86_64/modules/tools/matlab/r2017b/bin/glnxa64/libmwmvm.so)
==29996==    by 0x1373D734: boost::detail::function::function_obj_invoker0<boost::_bi::bind_t<boost::_bi::unspecified, boost::function1<int, std::vector<std::basic_string<char16_t, std::char_traits<char16_t>, std::allocator<char16_t> >, std::allocator<std::basic_string<char16_t, std::char_traits<char16_t>, std::allocator<char16_t> > > > const&>, boost::_bi::list1<boost::_bi::value<std::vector<std::basic_string<char16_t, std::char_traits<char16_t>, std::allocator<char16_t> >, std::allocator<std::basic_string<char16_t, std::char_traits<char16_t>, std::allocator<char16_t> > > > > > >, int>::invoke(boost::detail::function::function_buffer&) (in /global/software/sl-7.x86_64/modules/tools/matlab/r2017b/bin/glnxa64/libmwMVMLocal.so)
==29996==    by 0x143B2238: ??? (in /global/software/sl-7.x86_64/modules/tools/matlab/r2017b/bin/glnxa64/libmwmcr.so)
==29996==    by 0x143B37B4: boost::detail::thread_data<boost::function<void ()> const>::run() (in /global/software/sl-7.x86_64/modules/tools/matlab/r2017b/bin/glnxa64/libmwmcr.so)
==29996== 
==29996== Use of uninitialised value of size 8
==29996==    at 0xAC0BD8B: __TBB_machine_fetchadd8 (linux_intel64.h:77)
==29996==    by 0xAC0BD8B: tbb::spin_rw_mutex_v3::internal_acquire_reader() (spin_rw_mutex.cpp:72)
==29996==    by 0x53910D0: ??? (in /global/software/sl-7.x86_64/modules/tools/matlab/r2017b/bin/glnxa64/libmwmvm.so)
==29996==    by 0x539123A: ??? (in /global/software/sl-7.x86_64/modules/tools/matlab/r2017b/bin/glnxa64/libmwmvm.so)
==29996==    by 0x53856D4: mvm::detail::DefaultMVM::protectedInit(mlutil::contextmgr::McrID const&, mlutil::contextmgr::MvmID const&, boost::shared_ptr<mvm::detail::DefaultMVM> const&, boost::shared_ptr<cmddistributor::CmdDistributor> const&, boost::shared_ptr<foundation::msg_svc::eventmgr::EventMgr> const&) (in /global/software/sl-7.x86_64/modules/tools/matlab/r2017b/bin/glnxa64/libmwmvm.so)
==29996==    by 0x1372024B: mvm_server::inproc::LocalMVM::privateBind(boost::shared_ptr<mvm_server::inproc::LocalMVM> const&, boost::shared_ptr<mvm_server::inproc::LocalFactory> const&, mcrInstance const*) (in /global/software/sl-7.x86_64/modules/tools/matlab/r2017b/bin/glnxa64/libmwMVMLocal.so)
==29996==    by 0x137212A8: mvm_server::inproc::LocalMVM::create(boost::shared_ptr<mvm::detail::DefaultSession> const&, boost::shared_ptr<mvm_server::inproc::LocalFactory> const&, mvm::SessionOptions const&, mvm::MVMOptions const&) (in /global/software/sl-7.x86_64/modules/tools/matlab/r2017b/bin/glnxa64/libmwMVMLocal.so)
==29996==    by 0x13732EB6: mvm_server::inproc::LocalFactory::createMVM(mvm::MVMOptions const&) (in /global/software/sl-7.x86_64/modules/tools/matlab/r2017b/bin/glnxa64/libmwMVMLocal.so)
==29996==    by 0x13736D38: ??? (in /global/software/sl-7.x86_64/modules/tools/matlab/r2017b/bin/glnxa64/libmwMVMLocal.so)
==29996==    by 0x53E16FC: ??? (in /global/software/sl-7.x86_64/modules/tools/matlab/r2017b/bin/glnxa64/libmwmvm.so)
==29996==    by 0x1373D734: boost::detail::function::function_obj_invoker0<boost::_bi::bind_t<boost::_bi::unspecified, boost::function1<int, std::vector<std::basic_string<char16_t, std::char_traits<char16_t>, std::allocator<char16_t> >, std::allocator<std::basic_string<char16_t, std::char_traits<char16_t>, std::allocator<char16_t> > > > const&>, boost::_bi::list1<boost::_bi::value<std::vector<std::basic_string<char16_t, std::char_traits<char16_t>, std::allocator<char16_t> >, std::allocator<std::basic_string<char16_t, std::char_traits<char16_t>, std::allocator<char16_t> > > > > > >, int>::invoke(boost::detail::function::function_buffer&) (in /global/software/sl-7.x86_64/modules/tools/matlab/r2017b/bin/glnxa64/libmwMVMLocal.so)
==29996==    by 0x143B2238: ??? (in /global/software/sl-7.x86_64/modules/tools/matlab/r2017b/bin/glnxa64/libmwmcr.so)
==29996==    by 0x143B37B4: boost::detail::thread_data<boost::function<void ()> const>::run() (in /global/software/sl-7.x86_64/modules/tools/matlab/r2017b/bin/glnxa64/libmwmcr.so)
==29996== 
==29996== Use of uninitialised value of size 8
==29996==    at 0x539123F: ??? (in /global/software/sl-7.x86_64/modules/tools/matlab/r2017b/bin/glnxa64/libmwmvm.so)
==29996==    by 0x53856D4: mvm::detail::DefaultMVM::protectedInit(mlutil::contextmgr::McrID const&, mlutil::contextmgr::MvmID const&, boost::shared_ptr<mvm::detail::DefaultMVM> const&, boost::shared_ptr<cmddistributor::CmdDistributor> const&, boost::shared_ptr<foundation::msg_svc::eventmgr::EventMgr> const&) (in /global/software/sl-7.x86_64/modules/tools/matlab/r2017b/bin/glnxa64/libmwmvm.so)
==29996==    by 0x1372024B: mvm_server::inproc::LocalMVM::privateBind(boost::shared_ptr<mvm_server::inproc::LocalMVM> const&, boost::shared_ptr<mvm_server::inproc::LocalFactory> const&, mcrInstance const*) (in /global/software/sl-7.x86_64/modules/tools/matlab/r2017b/bin/glnxa64/libmwMVMLocal.so)
==29996==    by 0x137212A8: mvm_server::inproc::LocalMVM::create(boost::shared_ptr<mvm::detail::DefaultSession> const&, boost::shared_ptr<mvm_server::inproc::LocalFactory> const&, mvm::SessionOptions const&, mvm::MVMOptions const&) (in /global/software/sl-7.x86_64/modules/tools/matlab/r2017b/bin/glnxa64/libmwMVMLocal.so)
==29996==    by 0x13732EB6: mvm_server::inproc::LocalFactory::createMVM(mvm::MVMOptions const&) (in /global/software/sl-7.x86_64/modules/tools/matlab/r2017b/bin/glnxa64/libmwMVMLocal.so)
==29996==    by 0x13736D38: ??? (in /global/software/sl-7.x86_64/modules/tools/matlab/r2017b/bin/glnxa64/libmwMVMLocal.so)
==29996==    by 0x53E16FC: ??? (in /global/software/sl-7.x86_64/modules/tools/matlab/r2017b/bin/glnxa64/libmwmvm.so)
==29996==    by 0x1373D734: boost::detail::function::function_obj_invoker0<boost::_bi::bind_t<boost::_bi::unspecified, boost::function1<int, std::vector<std::basic_string<char16_t, std::char_traits<char16_t>, std::allocator<char16_t> >, std::allocator<std::basic_string<char16_t, std::char_traits<char16_t>, std::allocator<char16_t> > > > const&>, boost::_bi::list1<boost::_bi::value<std::vector<std::basic_string<char16_t, std::char_traits<char16_t>, std::allocator<char16_t> >, std::allocator<std::basic_string<char16_t, std::char_traits<char16_t>, std::allocator<char16_t> > > > > > >, int>::invoke(boost::detail::function::function_buffer&) (in /global/software/sl-7.x86_64/modules/tools/matlab/r2017b/bin/glnxa64/libmwMVMLocal.so)
==29996==    by 0x143B2238: ??? (in /global/software/sl-7.x86_64/modules/tools/matlab/r2017b/bin/glnxa64/libmwmcr.so)
==29996==    by 0x143B37B4: boost::detail::thread_data<boost::function<void ()> const>::run() (in /global/software/sl-7.x86_64/modules/tools/matlab/r2017b/bin/glnxa64/libmwmcr.so)
==29996==    by 0x784FF64: ??? (in /global/software/sl-7.x86_64/modules/tools/matlab/r2017b/bin/glnxa64/libboost_thread.so.1.56.0)
==29996==    by 0x6C3FEA4: start_thread (in /usr/lib64/libpthread-2.17.so)
==29996== 
==29996== Use of uninitialised value of size 8
==29996==    at 0xAC0BDF8: tbb::spin_rw_mutex_v3::internal_upgrade() (spin_rw_mutex.cpp:88)
==29996==    by 0x5391658: ??? (in /global/software/sl-7.x86_64/modules/tools/matlab/r2017b/bin/glnxa64/libmwmvm.so)
==29996==    by 0x53856D4: mvm::detail::DefaultMVM::protectedInit(mlutil::contextmgr::McrID const&, mlutil::contextmgr::MvmID const&, boost::shared_ptr<mvm::detail::DefaultMVM> const&, boost::shared_ptr<cmddistributor::CmdDistributor> const&, boost::shared_ptr<foundation::msg_svc::eventmgr::EventMgr> const&) (in /global/software/sl-7.x86_64/modules/tools/matlab/r2017b/bin/glnxa64/libmwmvm.so)
==29996==    by 0x1372024B: mvm_server::inproc::LocalMVM::privateBind(boost::shared_ptr<mvm_server::inproc::LocalMVM> const&, boost::shared_ptr<mvm_server::inproc::LocalFactory> const&, mcrInstance const*) (in /global/software/sl-7.x86_64/modules/tools/matlab/r2017b/bin/glnxa64/libmwMVMLocal.so)
==29996==    by 0x137212A8: mvm_server::inproc::LocalMVM::create(boost::shared_ptr<mvm::detail::DefaultSession> const&, boost::shared_ptr<mvm_server::inproc::LocalFactory> const&, mvm::SessionOptions const&, mvm::MVMOptions const&) (in /global/software/sl-7.x86_64/modules/tools/matlab/r2017b/bin/glnxa64/libmwMVMLocal.so)
==29996==    by 0x13732EB6: mvm_server::inproc::LocalFactory::createMVM(mvm::MVMOptions const&) (in /global/software/sl-7.x86_64/modules/tools/matlab/r2017b/bin/glnxa64/libmwMVMLocal.so)
==29996==    by 0x13736D38: ??? (in /global/software/sl-7.x86_64/modules/tools/matlab/r2017b/bin/glnxa64/libmwMVMLocal.so)
==29996==    by 0x53E16FC: ??? (in /global/software/sl-7.x86_64/modules/tools/matlab/r2017b/bin/glnxa64/libmwmvm.so)
==29996==    by 0x1373D734: boost::detail::function::function_obj_invoker0<boost::_bi::bind_t<boost::_bi::unspecified, boost::function1<int, std::vector<std::basic_string<char16_t, std::char_traits<char16_t>, std::allocator<char16_t> >, std::allocator<std::basic_string<char16_t, std::char_traits<char16_t>, std::allocator<char16_t> > > > const&>, boost::_bi::list1<boost::_bi::value<std::vector<std::basic_string<char16_t, std::char_traits<char16_t>, std::allocator<char16_t> >, std::allocator<std::basic_string<char16_t, std::char_traits<char16_t>, std::allocator<char16_t> > > > > > >, int>::invoke(boost::detail::function::function_buffer&) (in /global/software/sl-7.x86_64/modules/tools/matlab/r2017b/bin/glnxa64/libmwMVMLocal.so)
==29996==    by 0x143B2238: ??? (in /global/software/sl-7.x86_64/modules/tools/matlab/r2017b/bin/glnxa64/libmwmcr.so)
==29996==    by 0x143B37B4: boost::detail::thread_data<boost::function<void ()> const>::run() (in /global/software/sl-7.x86_64/modules/tools/matlab/r2017b/bin/glnxa64/libmwmcr.so)
==29996==    by 0x784FF64: ??? (in /global/software/sl-7.x86_64/modules/tools/matlab/r2017b/bin/glnxa64/libboost_thread.so.1.56.0)
==29996== 
==29996== Use of uninitialised value of size 8
==29996==    at 0xAC0BE47: __TBB_machine_cmpswp8 (linux_intel64.h:77)
==29996==    by 0xAC0BE47: compare_and_swap (atomic.h:200)
==29996==    by 0xAC0BE47: compare_and_swap (atomic.h:289)
==29996==    by 0xAC0BE47: compare_and_swap (atomic.h:294)
==29996==    by 0xAC0BE47: CAS (spin_rw_mutex.cpp:37)
==29996==    by 0xAC0BE47: tbb::spin_rw_mutex_v3::internal_upgrade() (spin_rw_mutex.cpp:95)
==29996==    by 0x5391658: ??? (in /global/software/sl-7.x86_64/modules/tools/matlab/r2017b/bin/glnxa64/libmwmvm.so)
==29996==    by 0x53856D4: mvm::detail::DefaultMVM::protectedInit(mlutil::contextmgr::McrID const&, mlutil::contextmgr::MvmID const&, boost::shared_ptr<mvm::detail::DefaultMVM> const&, boost::shared_ptr<cmddistributor::CmdDistributor> const&, boost::shared_ptr<foundation::msg_svc::eventmgr::EventMgr> const&) (in /global/software/sl-7.x86_64/modules/tools/matlab/r2017b/bin/glnxa64/libmwmvm.so)
==29996==    by 0x1372024B: mvm_server::inproc::LocalMVM::privateBind(boost::shared_ptr<mvm_server::inproc::LocalMVM> const&, boost::shared_ptr<mvm_server::inproc::LocalFactory> const&, mcrInstance const*) (in /global/software/sl-7.x86_64/modules/tools/matlab/r2017b/bin/glnxa64/libmwMVMLocal.so)
==29996==    by 0x137212A8: mvm_server::inproc::LocalMVM::create(boost::shared_ptr<mvm::detail::DefaultSession> const&, boost::shared_ptr<mvm_server::inproc::LocalFactory> const&, mvm::SessionOptions const&, mvm::MVMOptions const&) (in /global/software/sl-7.x86_64/modules/tools/matlab/r2017b/bin/glnxa64/libmwMVMLocal.so)
==29996==    by 0x13732EB6: mvm_server::inproc::LocalFactory::createMVM(mvm::MVMOptions const&) (in /global/software/sl-7.x86_64/modules/tools/matlab/r2017b/bin/glnxa64/libmwMVMLocal.so)
==29996==    by 0x13736D38: ??? (in /global/software/sl-7.x86_64/modules/tools/matlab/r2017b/bin/glnxa64/libmwMVMLocal.so)
==29996==    by 0x53E16FC: ??? (in /global/software/sl-7.x86_64/modules/tools/matlab/r2017b/bin/glnxa64/libmwmvm.so)
==29996==    by 0x1373D734: boost::detail::function::function_obj_invoker0<boost::_bi::bind_t<boost::_bi::unspecified, boost::function1<int, std::vector<std::basic_string<char16_t, std::char_traits<char16_t>, std::allocator<char16_t> >, std::allocator<std::basic_string<char16_t, std::char_traits<char16_t>, std::allocator<char16_t> > > > const&>, boost::_bi::list1<boost::_bi::value<std::vector<std::basic_string<char16_t, std::char_traits<char16_t>, std::allocator<char16_t> >, std::allocator<std::basic_string<char16_t, std::char_traits<char16_t>, std::allocator<char16_t> > > > > > >, int>::invoke(boost::detail::function::function_buffer&) (in /global/software/sl-7.x86_64/modules/tools/matlab/r2017b/bin/glnxa64/libmwMVMLocal.so)
==29996==    by 0x143B2238: ??? (in /global/software/sl-7.x86_64/modules/tools/matlab/r2017b/bin/glnxa64/libmwmcr.so)
==29996==    by 0x143B37B4: boost::detail::thread_data<boost::function<void ()> const>::run() (in /global/software/sl-7.x86_64/modules/tools/matlab/r2017b/bin/glnxa64/libmwmcr.so)
==29996==    by 0x784FF64: ??? (in /global/software/sl-7.x86_64/modules/tools/matlab/r2017b/bin/glnxa64/libboost_thread.so.1.56.0)
==29996== 
==29996== Use of uninitialised value of size 8
==29996==    at 0xAC0BE6E: tbb::spin_rw_mutex_v3::internal_upgrade() (spin_rw_mutex.cpp:98)
==29996==    by 0x5391658: ??? (in /global/software/sl-7.x86_64/modules/tools/matlab/r2017b/bin/glnxa64/libmwmvm.so)
==29996==    by 0x53856D4: mvm::detail::DefaultMVM::protectedInit(mlutil::contextmgr::McrID const&, mlutil::contextmgr::MvmID const&, boost::shared_ptr<mvm::detail::DefaultMVM> const&, boost::shared_ptr<cmddistributor::CmdDistributor> const&, boost::shared_ptr<foundation::msg_svc::eventmgr::EventMgr> const&) (in /global/software/sl-7.x86_64/modules/tools/matlab/r2017b/bin/glnxa64/libmwmvm.so)
==29996==    by 0x1372024B: mvm_server::inproc::LocalMVM::privateBind(boost::shared_ptr<mvm_server::inproc::LocalMVM> const&, boost::shared_ptr<mvm_server::inproc::LocalFactory> const&, mcrInstance const*) (in /global/software/sl-7.x86_64/modules/tools/matlab/r2017b/bin/glnxa64/libmwMVMLocal.so)
==29996==    by 0x137212A8: mvm_server::inproc::LocalMVM::create(boost::shared_ptr<mvm::detail::DefaultSession> const&, boost::shared_ptr<mvm_server::inproc::LocalFactory> const&, mvm::SessionOptions const&, mvm::MVMOptions const&) (in /global/software/sl-7.x86_64/modules/tools/matlab/r2017b/bin/glnxa64/libmwMVMLocal.so)
==29996==    by 0x13732EB6: mvm_server::inproc::LocalFactory::createMVM(mvm::MVMOptions const&) (in /global/software/sl-7.x86_64/modules/tools/matlab/r2017b/bin/glnxa64/libmwMVMLocal.so)
==29996==    by 0x13736D38: ??? (in /global/software/sl-7.x86_64/modules/tools/matlab/r2017b/bin/glnxa64/libmwMVMLocal.so)
==29996==    by 0x53E16FC: ??? (in /global/software/sl-7.x86_64/modules/tools/matlab/r2017b/bin/glnxa64/libmwmvm.so)
==29996==    by 0x1373D734: boost::detail::function::function_obj_invoker0<boost::_bi::bind_t<boost::_bi::unspecified, boost::function1<int, std::vector<std::basic_string<char16_t, std::char_traits<char16_t>, std::allocator<char16_t> >, std::allocator<std::basic_string<char16_t, std::char_traits<char16_t>, std::allocator<char16_t> > > > const&>, boost::_bi::list1<boost::_bi::value<std::vector<std::basic_string<char16_t, std::char_traits<char16_t>, std::allocator<char16_t> >, std::allocator<std::basic_string<char16_t, std::char_traits<char16_t>, std::allocator<char16_t> > > > > > >, int>::invoke(boost::detail::function::function_buffer&) (in /global/software/sl-7.x86_64/modules/tools/matlab/r2017b/bin/glnxa64/libmwMVMLocal.so)
==29996==    by 0x143B2238: ??? (in /global/software/sl-7.x86_64/modules/tools/matlab/r2017b/bin/glnxa64/libmwmcr.so)
==29996==    by 0x143B37B4: boost::detail::thread_data<boost::function<void ()> const>::run() (in /global/software/sl-7.x86_64/modules/tools/matlab/r2017b/bin/glnxa64/libmwmcr.so)
==29996==    by 0x784FF64: ??? (in /global/software/sl-7.x86_64/modules/tools/matlab/r2017b/bin/glnxa64/libboost_thread.so.1.56.0)
==29996== 
==29996== Use of uninitialised value of size 8
==29996==    at 0xAC0BEE4: __TBB_machine_fetchadd8 (linux_intel64.h:77)
==29996==    by 0xAC0BEE4: tbb::spin_rw_mutex_v3::internal_upgrade() (spin_rw_mutex.cpp:101)
==29996==    by 0x5391658: ??? (in /global/software/sl-7.x86_64/modules/tools/matlab/r2017b/bin/glnxa64/libmwmvm.so)
==29996==    by 0x53856D4: mvm::detail::DefaultMVM::protectedInit(mlutil::contextmgr::McrID const&, mlutil::contextmgr::MvmID const&, boost::shared_ptr<mvm::detail::DefaultMVM> const&, boost::shared_ptr<cmddistributor::CmdDistributor> const&, boost::shared_ptr<foundation::msg_svc::eventmgr::EventMgr> const&) (in /global/software/sl-7.x86_64/modules/tools/matlab/r2017b/bin/glnxa64/libmwmvm.so)
==29996==    by 0x1372024B: mvm_server::inproc::LocalMVM::privateBind(boost::shared_ptr<mvm_server::inproc::LocalMVM> const&, boost::shared_ptr<mvm_server::inproc::LocalFactory> const&, mcrInstance const*) (in /global/software/sl-7.x86_64/modules/tools/matlab/r2017b/bin/glnxa64/libmwMVMLocal.so)
==29996==    by 0x137212A8: mvm_server::inproc::LocalMVM::create(boost::shared_ptr<mvm::detail::DefaultSession> const&, boost::shared_ptr<mvm_server::inproc::LocalFactory> const&, mvm::SessionOptions const&, mvm::MVMOptions const&) (in /global/software/sl-7.x86_64/modules/tools/matlab/r2017b/bin/glnxa64/libmwMVMLocal.so)
==29996==    by 0x13732EB6: mvm_server::inproc::LocalFactory::createMVM(mvm::MVMOptions const&) (in /global/software/sl-7.x86_64/modules/tools/matlab/r2017b/bin/glnxa64/libmwMVMLocal.so)
==29996==    by 0x13736D38: ??? (in /global/software/sl-7.x86_64/modules/tools/matlab/r2017b/bin/glnxa64/libmwMVMLocal.so)
==29996==    by 0x53E16FC: ??? (in /global/software/sl-7.x86_64/modules/tools/matlab/r2017b/bin/glnxa64/libmwmvm.so)
==29996==    by 0x1373D734: boost::detail::function::function_obj_invoker0<boost::_bi::bind_t<boost::_bi::unspecified, boost::function1<int, std::vector<std::basic_string<char16_t, std::char_traits<char16_t>, std::allocator<char16_t> >, std::allocator<std::basic_string<char16_t, std::char_traits<char16_t>, std::allocator<char16_t> > > > const&>, boost::_bi::list1<boost::_bi::value<std::vector<std::basic_string<char16_t, std::char_traits<char16_t>, std::allocator<char16_t> >, std::allocator<std::basic_string<char16_t, std::char_traits<char16_t>, std::allocator<char16_t> > > > > > >, int>::invoke(boost::detail::function::function_buffer&) (in /global/software/sl-7.x86_64/modules/tools/matlab/r2017b/bin/glnxa64/libmwMVMLocal.so)
==29996==    by 0x143B2238: ??? (in /global/software/sl-7.x86_64/modules/tools/matlab/r2017b/bin/glnxa64/libmwmcr.so)
==29996==    by 0x143B37B4: boost::detail::thread_data<boost::function<void ()> const>::run() (in /global/software/sl-7.x86_64/modules/tools/matlab/r2017b/bin/glnxa64/libmwmcr.so)
==29996==    by 0x784FF64: ??? (in /global/software/sl-7.x86_64/modules/tools/matlab/r2017b/bin/glnxa64/libboost_thread.so.1.56.0)
==29996== 
==29996== Use of uninitialised value of size 8
==29996==    at 0x5391597: ??? (in /global/software/sl-7.x86_64/modules/tools/matlab/r2017b/bin/glnxa64/libmwmvm.so)
==29996==    by 0x53856D4: mvm::detail::DefaultMVM::protectedInit(mlutil::contextmgr::McrID const&, mlutil::contextmgr::MvmID const&, boost::shared_ptr<mvm::detail::DefaultMVM> const&, boost::shared_ptr<cmddistributor::CmdDistributor> const&, boost::shared_ptr<foundation::msg_svc::eventmgr::EventMgr> const&) (in /global/software/sl-7.x86_64/modules/tools/matlab/r2017b/bin/glnxa64/libmwmvm.so)
==29996==    by 0x1372024B: mvm_server::inproc::LocalMVM::privateBind(boost::shared_ptr<mvm_server::inproc::LocalMVM> const&, boost::shared_ptr<mvm_server::inproc::LocalFactory> const&, mcrInstance const*) (in /global/software/sl-7.x86_64/modules/tools/matlab/r2017b/bin/glnxa64/libmwMVMLocal.so)
==29996==    by 0x137212A8: mvm_server::inproc::LocalMVM::create(boost::shared_ptr<mvm::detail::DefaultSession> const&, boost::shared_ptr<mvm_server::inproc::LocalFactory> const&, mvm::SessionOptions const&, mvm::MVMOptions const&) (in /global/software/sl-7.x86_64/modules/tools/matlab/r2017b/bin/glnxa64/libmwMVMLocal.so)
==29996==    by 0x13732EB6: mvm_server::inproc::LocalFactory::createMVM(mvm::MVMOptions const&) (in /global/software/sl-7.x86_64/modules/tools/matlab/r2017b/bin/glnxa64/libmwMVMLocal.so)
==29996==    by 0x13736D38: ??? (in /global/software/sl-7.x86_64/modules/tools/matlab/r2017b/bin/glnxa64/libmwMVMLocal.so)
==29996==    by 0x53E16FC: ??? (in /global/software/sl-7.x86_64/modules/tools/matlab/r2017b/bin/glnxa64/libmwmvm.so)
==29996==    by 0x1373D734: boost::detail::function::function_obj_invoker0<boost::_bi::bind_t<boost::_bi::unspecified, boost::function1<int, std::vector<std::basic_string<char16_t, std::char_traits<char16_t>, std::allocator<char16_t> >, std::allocator<std::basic_string<char16_t, std::char_traits<char16_t>, std::allocator<char16_t> > > > const&>, boost::_bi::list1<boost::_bi::value<std::vector<std::basic_string<char16_t, std::char_traits<char16_t>, std::allocator<char16_t> >, std::allocator<std::basic_string<char16_t, std::char_traits<char16_t>, std::allocator<char16_t> > > > > > >, int>::invoke(boost::detail::function::function_buffer&) (in /global/software/sl-7.x86_64/modules/tools/matlab/r2017b/bin/glnxa64/libmwMVMLocal.so)
==29996==    by 0x143B2238: ??? (in /global/software/sl-7.x86_64/modules/tools/matlab/r2017b/bin/glnxa64/libmwmcr.so)
==29996==    by 0x143B37B4: boost::detail::thread_data<boost::function<void ()> const>::run() (in /global/software/sl-7.x86_64/modules/tools/matlab/r2017b/bin/glnxa64/libmwmcr.so)
==29996==    by 0x784FF64: ??? (in /global/software/sl-7.x86_64/modules/tools/matlab/r2017b/bin/glnxa64/libboost_thread.so.1.56.0)
==29996==    by 0x6C3FEA4: start_thread (in /usr/lib64/libpthread-2.17.so)
==29996== 
==29996== Use of uninitialised value of size 8
==29996==    at 0x53916E1: ??? (in /global/software/sl-7.x86_64/modules/tools/matlab/r2017b/bin/glnxa64/libmwmvm.so)
==29996==    by 0x53856D4: mvm::detail::DefaultMVM::protectedInit(mlutil::contextmgr::McrID const&, mlutil::contextmgr::MvmID const&, boost::shared_ptr<mvm::detail::DefaultMVM> const&, boost::shared_ptr<cmddistributor::CmdDistributor> const&, boost::shared_ptr<foundation::msg_svc::eventmgr::EventMgr> const&) (in /global/software/sl-7.x86_64/modules/tools/matlab/r2017b/bin/glnxa64/libmwmvm.so)
==29996==    by 0x1372024B: mvm_server::inproc::LocalMVM::privateBind(boost::shared_ptr<mvm_server::inproc::LocalMVM> const&, boost::shared_ptr<mvm_server::inproc::LocalFactory> const&, mcrInstance const*) (in /global/software/sl-7.x86_64/modules/tools/matlab/r2017b/bin/glnxa64/libmwMVMLocal.so)
==29996==    by 0x137212A8: mvm_server::inproc::LocalMVM::create(boost::shared_ptr<mvm::detail::DefaultSession> const&, boost::shared_ptr<mvm_server::inproc::LocalFactory> const&, mvm::SessionOptions const&, mvm::MVMOptions const&) (in /global/software/sl-7.x86_64/modules/tools/matlab/r2017b/bin/glnxa64/libmwMVMLocal.so)
==29996==    by 0x13732EB6: mvm_server::inproc::LocalFactory::createMVM(mvm::MVMOptions const&) (in /global/software/sl-7.x86_64/modules/tools/matlab/r2017b/bin/glnxa64/libmwMVMLocal.so)
==29996==    by 0x13736D38: ??? (in /global/software/sl-7.x86_64/modules/tools/matlab/r2017b/bin/glnxa64/libmwMVMLocal.so)
==29996==    by 0x53E16FC: ??? (in /global/software/sl-7.x86_64/modules/tools/matlab/r2017b/bin/glnxa64/libmwmvm.so)
==29996==    by 0x1373D734: boost::detail::function::function_obj_invoker0<boost::_bi::bind_t<boost::_bi::unspecified, boost::function1<int, std::vector<std::basic_string<char16_t, std::char_traits<char16_t>, std::allocator<char16_t> >, std::allocator<std::basic_string<char16_t, std::char_traits<char16_t>, std::allocator<char16_t> > > > const&>, boost::_bi::list1<boost::_bi::value<std::vector<std::basic_string<char16_t, std::char_traits<char16_t>, std::allocator<char16_t> >, std::allocator<std::basic_string<char16_t, std::char_traits<char16_t>, std::allocator<char16_t> > > > > > >, int>::invoke(boost::detail::function::function_buffer&) (in /global/software/sl-7.x86_64/modules/tools/matlab/r2017b/bin/glnxa64/libmwMVMLocal.so)
==29996==    by 0x143B2238: ??? (in /global/software/sl-7.x86_64/modules/tools/matlab/r2017b/bin/glnxa64/libmwmcr.so)
==29996==    by 0x143B37B4: boost::detail::thread_data<boost::function<void ()> const>::run() (in /global/software/sl-7.x86_64/modules/tools/matlab/r2017b/bin/glnxa64/libmwmcr.so)
==29996==    by 0x784FF64: ??? (in /global/software/sl-7.x86_64/modules/tools/matlab/r2017b/bin/glnxa64/libboost_thread.so.1.56.0)
==29996==    by 0x6C3FEA4: start_thread (in /usr/lib64/libpthread-2.17.so)
==29996== 
==29996== Thread 3:
==29996== Conditional jump or move depends on uninitialised value(s)
==29996==    at 0x200B37DF: __intel_sse2_strrchr (in /global/software/sl-7.x86_64/modules/tools/matlab/r2017b/sys/os/glnxa64/libiomp5.so)
==29996==    by 0x20086314: __kmp_query_cpuid (in /global/software/sl-7.x86_64/modules/tools/matlab/r2017b/sys/os/glnxa64/libiomp5.so)
==29996==    by 0x2009626C: __kmp_runtime_initialize (in /global/software/sl-7.x86_64/modules/tools/matlab/r2017b/sys/os/glnxa64/libiomp5.so)
==29996==    by 0x200613CE: __kmp_do_serial_initialize() (in /global/software/sl-7.x86_64/modules/tools/matlab/r2017b/sys/os/glnxa64/libiomp5.so)
==29996==    by 0x20056144: __kmp_get_global_thread_id_reg (in /global/software/sl-7.x86_64/modules/tools/matlab/r2017b/sys/os/glnxa64/libiomp5.so)
==29996==    by 0x200348A9: ompc_set_num_threads (in /global/software/sl-7.x86_64/modules/tools/matlab/r2017b/sys/os/glnxa64/libiomp5.so)
==29996==    by 0xAC1931D: tbb::internal::observer_list::do_notify_entry_observers(tbb::internal::observer_proxy*&, bool) (observer_proxy.cpp:234)
==29996==    by 0x5922DC8: ??? (in /global/software/sl-7.x86_64/modules/tools/matlab/r2017b/bin/glnxa64/libmwservices.so)
==29996==    by 0x59231EA: services::threading::ComputationalThreadsInit::ComputationalThreadsInit(bool) (in /global/software/sl-7.x86_64/modules/tools/matlab/r2017b/bin/glnxa64/libmwservices.so)
==29996==    by 0x143AC204: ??? (in /global/software/sl-7.x86_64/modules/tools/matlab/r2017b/bin/glnxa64/libmwmcr.so)
==29996==    by 0x14399C05: ??? (in /global/software/sl-7.x86_64/modules/tools/matlab/r2017b/bin/glnxa64/libmwmcr.so)
==29996==    by 0x6C3FEA4: start_thread (in /usr/lib64/libpthread-2.17.so)
==29996== 
==29996== Syscall param sched_setaffinity(mask) points to unaddressable byte(s)
==29996==    at 0x6F4CC89: syscall (in /usr/lib64/libc-2.17.so)
==29996==    by 0x20096BB8: __kmp_affinity_determine_capable (in /global/software/sl-7.x86_64/modules/tools/matlab/r2017b/sys/os/glnxa64/libiomp5.so)
==29996==    by 0x20073D54: __kmp_env_initialize(char const*) (in /global/software/sl-7.x86_64/modules/tools/matlab/r2017b/sys/os/glnxa64/libiomp5.so)
==29996==    by 0x20061588: __kmp_do_serial_initialize() (in /global/software/sl-7.x86_64/modules/tools/matlab/r2017b/sys/os/glnxa64/libiomp5.so)
==29996==    by 0x20056144: __kmp_get_global_thread_id_reg (in /global/software/sl-7.x86_64/modules/tools/matlab/r2017b/sys/os/glnxa64/libiomp5.so)
==29996==    by 0x200348A9: ompc_set_num_threads (in /global/software/sl-7.x86_64/modules/tools/matlab/r2017b/sys/os/glnxa64/libiomp5.so)
==29996==    by 0xAC1931D: tbb::internal::observer_list::do_notify_entry_observers(tbb::internal::observer_proxy*&, bool) (observer_proxy.cpp:234)
==29996==    by 0x5922DC8: ??? (in /global/software/sl-7.x86_64/modules/tools/matlab/r2017b/bin/glnxa64/libmwservices.so)
==29996==    by 0x59231EA: services::threading::ComputationalThreadsInit::ComputationalThreadsInit(bool) (in /global/software/sl-7.x86_64/modules/tools/matlab/r2017b/bin/glnxa64/libmwservices.so)
==29996==    by 0x143AC204: ??? (in /global/software/sl-7.x86_64/modules/tools/matlab/r2017b/bin/glnxa64/libmwmcr.so)
==29996==    by 0x14399C05: ??? (in /global/software/sl-7.x86_64/modules/tools/matlab/r2017b/bin/glnxa64/libmwmcr.so)
==29996==    by 0x6C3FEA4: start_thread (in /usr/lib64/libpthread-2.17.so)
==29996==  Address 0x0 is not stack'd, malloc'd or (recently) free'd
==29996== 
==29996== Conditional jump or move depends on uninitialised value(s)
==29996==    at 0x1900A7C6: ??? (in /global/software/sl-7.x86_64/modules/tools/matlab/r2017b/bin/glnxa64/libmwddux.so)
==29996==    by 0x1900D196: ??? (in /global/software/sl-7.x86_64/modules/tools/matlab/r2017b/bin/glnxa64/libmwddux.so)
==29996==    by 0x1900D6BF: ddux::launch(bool) (in /global/software/sl-7.x86_64/modules/tools/matlab/r2017b/bin/glnxa64/libmwddux.so)
==29996==    by 0x143BF93E: ??? (in /global/software/sl-7.x86_64/modules/tools/matlab/r2017b/bin/glnxa64/libmwmcr.so)
==29996==    by 0x143AC26E: ??? (in /global/software/sl-7.x86_64/modules/tools/matlab/r2017b/bin/glnxa64/libmwmcr.so)
==29996==    by 0x14399C05: ??? (in /global/software/sl-7.x86_64/modules/tools/matlab/r2017b/bin/glnxa64/libmwmcr.so)
==29996==    by 0x6C3FEA4: start_thread (in /usr/lib64/libpthread-2.17.so)
==29996==    by 0x6F5296C: clone (in /usr/lib64/libc-2.17.so)
==29996== 
==29996== Conditional jump or move depends on uninitialised value(s)
==29996==    at 0x1900A7F9: ??? (in /global/software/sl-7.x86_64/modules/tools/matlab/r2017b/bin/glnxa64/libmwddux.so)
==29996==    by 0x1900D196: ??? (in /global/software/sl-7.x86_64/modules/tools/matlab/r2017b/bin/glnxa64/libmwddux.so)
==29996==    by 0x1900D6BF: ddux::launch(bool) (in /global/software/sl-7.x86_64/modules/tools/matlab/r2017b/bin/glnxa64/libmwddux.so)
==29996==    by 0x143BF93E: ??? (in /global/software/sl-7.x86_64/modules/tools/matlab/r2017b/bin/glnxa64/libmwmcr.so)
==29996==    by 0x143AC26E: ??? (in /global/software/sl-7.x86_64/modules/tools/matlab/r2017b/bin/glnxa64/libmwmcr.so)
==29996==    by 0x14399C05: ??? (in /global/software/sl-7.x86_64/modules/tools/matlab/r2017b/bin/glnxa64/libmwmcr.so)
==29996==    by 0x6C3FEA4: start_thread (in /usr/lib64/libpthread-2.17.so)
==29996==    by 0x6F5296C: clone (in /usr/lib64/libc-2.17.so)
==29996== 
==29996== 
==29996== HEAP SUMMARY:
==29996==     in use at exit: 34,878,584 bytes in 123,143 blocks
==29996==   total heap usage: 7,836,701 allocs, 7,713,558 frees, 1,244,017,697 bytes allocated
==29996== 
==29996== LEAK SUMMARY:
==29996==    definitely lost: 1,497 bytes in 20 blocks
==29996==    indirectly lost: 514,184 bytes in 7,934 blocks
==29996==      possibly lost: 1,674,252 bytes in 1,897 blocks
==29996==    still reachable: 32,688,651 bytes in 113,292 blocks
==29996==                       of which reachable via heuristic:
==29996==                         stdstring          : 171,614 bytes in 4,325 blocks
==29996==                         newarray           : 3,184 bytes in 17 blocks
==29996==                         multipleinheritance: 2,344 bytes in 74 blocks
==29996==         suppressed: 0 bytes in 0 blocks
==29996== Rerun with --leak-check=full to see details of leaked memory
==29996== 
==29996== Use --track-origins=yes to see where uninitialised values come from
==29996== For lists of detected and suppressed errors, rerun with: -s
==29996== ERROR SUMMARY: 17 errors from 17 contexts (suppressed: 16 from 1)
